Compiled jquery-ui.min.js  (102ms)  (pid 16480)
Compiled jquery.min.js  (5ms)  (pid 16480)
Compiled application.js  (9ms)  (pid 16480)
Compiled jquery_ujs.js  (0ms)  (pid 16480)
Compiled newmovie.js  (0ms)  (pid 16480)
Compiled showmovie.js  (0ms)  (pid 16480)
Compiled application.css  (0ms)  (pid 16480)
Compiled kendo.web.min.js  (219ms)  (pid 2563)
Compiled kendo.common.min.css  (37ms)  (pid 2563)
Compiled kendo.default.min.css  (43ms)  (pid 2563)
Compiled jquery-ui.min.js  (57ms)  (pid 2563)
Compiled jquery.min.js  (71ms)  (pid 2563)
Compiled application.js  (14ms)  (pid 2563)
Compiled jquery_ujs.js  (13ms)  (pid 2563)
Compiled movie.js  (1ms)  (pid 2563)
Compiled application.css  (67ms)  (pid 2563)
Compiled kendo/js/cultures/kendo.culture.af-ZA.min.js  (0ms)  (pid 3242)
Compiled kendo/js/cultures/kendo.culture.af.min.js  (0ms)  (pid 3242)
Compiled kendo/js/cultures/kendo.culture.am-ET.min.js  (0ms)  (pid 3242)
Compiled kendo/js/cultures/kendo.culture.am.min.js  (0ms)  (pid 3242)
Compiled kendo/js/cultures/kendo.culture.ar-AE.min.js  (0ms)  (pid 3242)
Compiled kendo/js/cultures/kendo.culture.ar-BH.min.js  (0ms)  (pid 3242)
Compiled kendo/js/cultures/kendo.culture.ar-DZ.min.js  (0ms)  (pid 3242)
Compiled kendo/js/cultures/kendo.culture.ar-EG.min.js  (0ms)  (pid 3242)
Compiled kendo/js/cultures/kendo.culture.ar-IQ.min.js  (0ms)  (pid 3242)
Compiled kendo/js/cultures/kendo.culture.ar-JO.min.js  (2ms)  (pid 3242)
Compiled kendo/js/cultures/kendo.culture.ar-KW.min.js  (0ms)  (pid 3242)
Compiled kendo/js/cultures/kendo.culture.ar-LB.min.js  (0ms)  (pid 3242)
Compiled kendo/js/cultures/kendo.culture.ar-LY.min.js  (0ms)  (pid 3242)
Compiled kendo/js/cultures/kendo.culture.ar-MA.min.js  (0ms)  (pid 3242)
Compiled kendo/js/cultures/kendo.culture.ar-OM.min.js  (0ms)  (pid 3242)
Compiled kendo/js/cultures/kendo.culture.ar-QA.min.js  (0ms)  (pid 3242)
Compiled kendo/js/cultures/kendo.culture.ar-SA.min.js  (0ms)  (pid 3242)
Compiled kendo/js/cultures/kendo.culture.ar-SY.min.js  (6ms)  (pid 3242)
Compiled kendo/js/cultures/kendo.culture.ar-TN.min.js  (0ms)  (pid 3242)
Compiled kendo/js/cultures/kendo.culture.ar-YE.min.js  (0ms)  (pid 3242)
Compiled kendo/js/cultures/kendo.culture.ar.min.js  (0ms)  (pid 3242)
Compiled kendo/js/cultures/kendo.culture.arn-CL.min.js  (0ms)  (pid 3242)
Compiled kendo/js/cultures/kendo.culture.arn.min.js  (0ms)  (pid 3242)
Compiled kendo/js/cultures/kendo.culture.as-IN.min.js  (0ms)  (pid 3242)
Compiled kendo/js/cultures/kendo.culture.as.min.js  (0ms)  (pid 3242)
Compiled kendo/js/cultures/kendo.culture.az-Cyrl-AZ.min.js  (0ms)  (pid 3242)
Compiled kendo/js/cultures/kendo.culture.az-Cyrl.min.js  (0ms)  (pid 3242)
Compiled kendo/js/cultures/kendo.culture.az-Latn-AZ.min.js  (0ms)  (pid 3242)
Compiled kendo/js/cultures/kendo.culture.az-Latn.min.js  (0ms)  (pid 3242)
Compiled kendo/js/cultures/kendo.culture.az.min.js  (3ms)  (pid 3242)
Compiled kendo/js/cultures/kendo.culture.ba-RU.min.js  (0ms)  (pid 3242)
Compiled kendo/js/cultures/kendo.culture.ba.min.js  (0ms)  (pid 3242)
Compiled kendo/js/cultures/kendo.culture.be-BY.min.js  (0ms)  (pid 3242)
Compiled kendo/js/cultures/kendo.culture.be.min.js  (0ms)  (pid 3242)
Compiled kendo/js/cultures/kendo.culture.bg-BG.min.js  (0ms)  (pid 3242)
Compiled kendo/js/cultures/kendo.culture.bg.min.js  (0ms)  (pid 3242)
Compiled kendo/js/cultures/kendo.culture.bn-BD.min.js  (0ms)  (pid 3242)
Compiled kendo/js/cultures/kendo.culture.bn-IN.min.js  (0ms)  (pid 3242)
Compiled kendo/js/cultures/kendo.culture.bn.min.js  (0ms)  (pid 3242)
Compiled kendo/js/cultures/kendo.culture.bo-CN.min.js  (0ms)  (pid 3242)
Compiled kendo/js/cultures/kendo.culture.bo.min.js  (0ms)  (pid 3242)
Compiled kendo/js/cultures/kendo.culture.br-FR.min.js  (0ms)  (pid 3242)
Compiled kendo/js/cultures/kendo.culture.br.min.js  (0ms)  (pid 3242)
Compiled kendo/js/cultures/kendo.culture.bs-Cyrl-BA.min.js  (0ms)  (pid 3242)
Compiled kendo/js/cultures/kendo.culture.bs-Cyrl.min.js  (0ms)  (pid 3242)
Compiled kendo/js/cultures/kendo.culture.bs-Latn-BA.min.js  (0ms)  (pid 3242)
Compiled kendo/js/cultures/kendo.culture.bs-Latn.min.js  (0ms)  (pid 3242)
Compiled kendo/js/cultures/kendo.culture.bs.min.js  (3ms)  (pid 3242)
Compiled kendo/js/cultures/kendo.culture.ca-ES.min.js  (0ms)  (pid 3242)
Compiled kendo/js/cultures/kendo.culture.ca.min.js  (0ms)  (pid 3242)
Compiled kendo/js/cultures/kendo.culture.co-FR.min.js  (0ms)  (pid 3242)
Compiled kendo/js/cultures/kendo.culture.co.min.js  (0ms)  (pid 3242)
Compiled kendo/js/cultures/kendo.culture.cs-CZ.min.js  (0ms)  (pid 3242)
Compiled kendo/js/cultures/kendo.culture.cs.min.js  (0ms)  (pid 3242)
Compiled kendo/js/cultures/kendo.culture.cy-GB.min.js  (0ms)  (pid 3242)
Compiled kendo/js/cultures/kendo.culture.cy.min.js  (0ms)  (pid 3242)
Compiled kendo/js/cultures/kendo.culture.da-DK.min.js  (5ms)  (pid 3242)
Compiled kendo/js/cultures/kendo.culture.da.min.js  (0ms)  (pid 3242)
Compiled kendo/js/cultures/kendo.culture.de-AT.min.js  (0ms)  (pid 3242)
Compiled kendo/js/cultures/kendo.culture.de-CH.min.js  (0ms)  (pid 3242)
Compiled kendo/js/cultures/kendo.culture.de-DE.min.js  (6ms)  (pid 3242)
Compiled kendo/js/cultures/kendo.culture.de-LI.min.js  (2ms)  (pid 3242)
Compiled kendo/js/cultures/kendo.culture.de-LU.min.js  (0ms)  (pid 3242)
Compiled kendo/js/cultures/kendo.culture.de.min.js  (0ms)  (pid 3242)
Compiled kendo/js/cultures/kendo.culture.dsb-DE.min.js  (0ms)  (pid 3242)
Compiled kendo/js/cultures/kendo.culture.dsb.min.js  (0ms)  (pid 3242)
Compiled kendo/js/cultures/kendo.culture.dv-MV.min.js  (0ms)  (pid 3242)
Compiled kendo/js/cultures/kendo.culture.dv.min.js  (0ms)  (pid 3242)
Compiled kendo/js/cultures/kendo.culture.el-GR.min.js  (0ms)  (pid 3242)
Compiled kendo/js/cultures/kendo.culture.el.min.js  (0ms)  (pid 3242)
Compiled kendo/js/cultures/kendo.culture.en-029.min.js  (3ms)  (pid 3242)
Compiled kendo/js/cultures/kendo.culture.en-AU.min.js  (1ms)  (pid 3242)
Compiled kendo/js/cultures/kendo.culture.en-BZ.min.js  (0ms)  (pid 3242)
Compiled kendo/js/cultures/kendo.culture.en-CA.min.js  (0ms)  (pid 3242)
Compiled kendo/js/cultures/kendo.culture.en-GB.min.js  (0ms)  (pid 3242)
Compiled kendo/js/cultures/kendo.culture.en-IE.min.js  (0ms)  (pid 3242)
Compiled kendo/js/cultures/kendo.culture.en-IN.min.js  (0ms)  (pid 3242)
Compiled kendo/js/cultures/kendo.culture.en-JM.min.js  (0ms)  (pid 3242)
Compiled kendo/js/cultures/kendo.culture.en-MY.min.js  (0ms)  (pid 3242)
Compiled kendo/js/cultures/kendo.culture.en-NZ.min.js  (0ms)  (pid 3242)
Compiled kendo/js/cultures/kendo.culture.en-PH.min.js  (0ms)  (pid 3242)
Compiled kendo/js/cultures/kendo.culture.en-SG.min.js  (0ms)  (pid 3242)
Compiled kendo/js/cultures/kendo.culture.en-TT.min.js  (4ms)  (pid 3242)
Compiled kendo/js/cultures/kendo.culture.en-US.min.js  (0ms)  (pid 3242)
Compiled kendo/js/cultures/kendo.culture.en-ZA.min.js  (0ms)  (pid 3242)
Compiled kendo/js/cultures/kendo.culture.en-ZW.min.js  (0ms)  (pid 3242)
Compiled kendo/js/cultures/kendo.culture.en.min.js  (0ms)  (pid 3242)
Compiled kendo/js/cultures/kendo.culture.es-AR.min.js  (0ms)  (pid 3242)
Compiled kendo/js/cultures/kendo.culture.es-BO.min.js  (0ms)  (pid 3242)
Compiled kendo/js/cultures/kendo.culture.es-CL.min.js  (0ms)  (pid 3242)
Compiled kendo/js/cultures/kendo.culture.es-CO.min.js  (0ms)  (pid 3242)
Compiled kendo/js/cultures/kendo.culture.es-CR.min.js  (0ms)  (pid 3242)
Compiled kendo/js/cultures/kendo.culture.es-DO.min.js  (0ms)  (pid 3242)
Compiled kendo/js/cultures/kendo.culture.es-EC.min.js  (0ms)  (pid 3242)
Compiled kendo/js/cultures/kendo.culture.es-ES.min.js  (0ms)  (pid 3242)
Compiled kendo/js/cultures/kendo.culture.es-GT.min.js  (0ms)  (pid 3242)
Compiled kendo/js/cultures/kendo.culture.es-HN.min.js  (0ms)  (pid 3242)
Compiled kendo/js/cultures/kendo.culture.es-MX.min.js  (0ms)  (pid 3242)
Compiled kendo/js/cultures/kendo.culture.es-NI.min.js  (0ms)  (pid 3242)
Compiled kendo/js/cultures/kendo.culture.es-PA.min.js  (0ms)  (pid 3242)
Compiled kendo/js/cultures/kendo.culture.es-PE.min.js  (0ms)  (pid 3242)
Compiled kendo/js/cultures/kendo.culture.es-PR.min.js  (0ms)  (pid 3242)
Compiled kendo/js/cultures/kendo.culture.es-PY.min.js  (0ms)  (pid 3242)
Compiled kendo/js/cultures/kendo.culture.es-SV.min.js  (0ms)  (pid 3242)
Compiled kendo/js/cultures/kendo.culture.es-US.min.js  (0ms)  (pid 3242)
Compiled kendo/js/cultures/kendo.culture.es-UY.min.js  (0ms)  (pid 3242)
Compiled kendo/js/cultures/kendo.culture.es-VE.min.js  (0ms)  (pid 3242)
Compiled kendo/js/cultures/kendo.culture.es.min.js  (0ms)  (pid 3242)
Compiled kendo/js/cultures/kendo.culture.et-EE.min.js  (0ms)  (pid 3242)
Compiled kendo/js/cultures/kendo.culture.et.min.js  (0ms)  (pid 3242)
Compiled kendo/js/cultures/kendo.culture.eu-ES.min.js  (0ms)  (pid 3242)
Compiled kendo/js/cultures/kendo.culture.eu.min.js  (0ms)  (pid 3242)
Compiled kendo/js/cultures/kendo.culture.fa-IR.min.js  (0ms)  (pid 3242)
Compiled kendo/js/cultures/kendo.culture.fa.min.js  (6ms)  (pid 3242)
Compiled kendo/js/cultures/kendo.culture.fi-FI.min.js  (0ms)  (pid 3242)
Compiled kendo/js/cultures/kendo.culture.fi.min.js  (0ms)  (pid 3242)
Compiled kendo/js/cultures/kendo.culture.fil-PH.min.js  (0ms)  (pid 3242)
Compiled kendo/js/cultures/kendo.culture.fil.min.js  (0ms)  (pid 3242)
Compiled kendo/js/cultures/kendo.culture.fo-FO.min.js  (0ms)  (pid 3242)
Compiled kendo/js/cultures/kendo.culture.fo.min.js  (4ms)  (pid 3242)
Compiled kendo/js/cultures/kendo.culture.fr-BE.min.js  (0ms)  (pid 3242)
Compiled kendo/js/cultures/kendo.culture.fr-CA.min.js  (0ms)  (pid 3242)
Compiled kendo/js/cultures/kendo.culture.fr-CH.min.js  (0ms)  (pid 3242)
Compiled kendo/js/cultures/kendo.culture.fr-FR.min.js  (0ms)  (pid 3242)
Compiled kendo/js/cultures/kendo.culture.fr-LU.min.js  (0ms)  (pid 3242)
Compiled kendo/js/cultures/kendo.culture.fr-MC.min.js  (0ms)  (pid 3242)
Compiled kendo/js/cultures/kendo.culture.fr.min.js  (0ms)  (pid 3242)
Compiled kendo/js/cultures/kendo.culture.fy-NL.min.js  (0ms)  (pid 3242)
Compiled kendo/js/cultures/kendo.culture.fy.min.js  (0ms)  (pid 3242)
Compiled kendo/js/cultures/kendo.culture.ga-IE.min.js  (0ms)  (pid 3242)
Compiled kendo/js/cultures/kendo.culture.ga.min.js  (0ms)  (pid 3242)
Compiled kendo/js/cultures/kendo.culture.gd-GB.min.js  (0ms)  (pid 3242)
Compiled kendo/js/cultures/kendo.culture.gd.min.js  (0ms)  (pid 3242)
Compiled kendo/js/cultures/kendo.culture.gl-ES.min.js  (3ms)  (pid 3242)
Compiled kendo/js/cultures/kendo.culture.gl.min.js  (0ms)  (pid 3242)
Compiled kendo/js/cultures/kendo.culture.gsw-FR.min.js  (0ms)  (pid 3242)
Compiled kendo/js/cultures/kendo.culture.gsw.min.js  (0ms)  (pid 3242)
Compiled kendo/js/cultures/kendo.culture.gu-IN.min.js  (0ms)  (pid 3242)
Compiled kendo/js/cultures/kendo.culture.gu.min.js  (0ms)  (pid 3242)
Compiled kendo/js/cultures/kendo.culture.ha-Latn-NG.min.js  (0ms)  (pid 3242)
Compiled kendo/js/cultures/kendo.culture.ha-Latn.min.js  (0ms)  (pid 3242)
Compiled kendo/js/cultures/kendo.culture.ha.min.js  (0ms)  (pid 3242)
Compiled kendo/js/cultures/kendo.culture.he-IL.min.js  (6ms)  (pid 3242)
Compiled kendo/js/cultures/kendo.culture.he.min.js  (0ms)  (pid 3242)
Compiled kendo/js/cultures/kendo.culture.hi-IN.min.js  (0ms)  (pid 3242)
Compiled kendo/js/cultures/kendo.culture.hi.min.js  (0ms)  (pid 3242)
Compiled kendo/js/cultures/kendo.culture.hr-BA.min.js  (3ms)  (pid 3242)
Compiled kendo/js/cultures/kendo.culture.hr-HR.min.js  (0ms)  (pid 3242)
Compiled kendo/js/cultures/kendo.culture.hr.min.js  (0ms)  (pid 3242)
Compiled kendo/js/cultures/kendo.culture.hsb-DE.min.js  (0ms)  (pid 3242)
Compiled kendo/js/cultures/kendo.culture.hsb.min.js  (0ms)  (pid 3242)
Compiled kendo/js/cultures/kendo.culture.hu-HU.min.js  (0ms)  (pid 3242)
Compiled kendo/js/cultures/kendo.culture.hu.min.js  (0ms)  (pid 3242)
Compiled kendo/js/cultures/kendo.culture.hy-AM.min.js  (7ms)  (pid 3242)
Compiled kendo/js/cultures/kendo.culture.hy.min.js  (0ms)  (pid 3242)
Compiled kendo/js/cultures/kendo.culture.id-ID.min.js  (0ms)  (pid 3242)
Compiled kendo/js/cultures/kendo.culture.id.min.js  (0ms)  (pid 3242)
Compiled kendo/js/cultures/kendo.culture.ig-NG.min.js  (3ms)  (pid 3242)
Compiled kendo/js/cultures/kendo.culture.ig.min.js  (0ms)  (pid 3242)
Compiled kendo/js/cultures/kendo.culture.ii-CN.min.js  (3ms)  (pid 3242)
Compiled kendo/js/cultures/kendo.culture.ii.min.js  (0ms)  (pid 3242)
Compiled kendo/js/cultures/kendo.culture.is-IS.min.js  (0ms)  (pid 3242)
Compiled kendo/js/cultures/kendo.culture.is.min.js  (0ms)  (pid 3242)
Compiled kendo/js/cultures/kendo.culture.it-CH.min.js  (0ms)  (pid 3242)
Compiled kendo/js/cultures/kendo.culture.it-IT.min.js  (0ms)  (pid 3242)
Compiled kendo/js/cultures/kendo.culture.it.min.js  (0ms)  (pid 3242)
Compiled kendo/js/cultures/kendo.culture.iu-Cans-CA.min.js  (0ms)  (pid 3242)
Compiled kendo/js/cultures/kendo.culture.iu-Cans.min.js  (3ms)  (pid 3242)
Compiled kendo/js/cultures/kendo.culture.iu-Latn-CA.min.js  (0ms)  (pid 3242)
Compiled kendo/js/cultures/kendo.culture.iu-Latn.min.js  (0ms)  (pid 3242)
Compiled kendo/js/cultures/kendo.culture.iu.min.js  (0ms)  (pid 3242)
Compiled kendo/js/cultures/kendo.culture.ja-JP.min.js  (0ms)  (pid 3242)
Compiled kendo/js/cultures/kendo.culture.ja.min.js  (0ms)  (pid 3242)
Compiled kendo/js/cultures/kendo.culture.ka-GE.min.js  (0ms)  (pid 3242)
Compiled kendo/js/cultures/kendo.culture.ka.min.js  (0ms)  (pid 3242)
Compiled kendo/js/cultures/kendo.culture.kk-KZ.min.js  (0ms)  (pid 3242)
Compiled kendo/js/cultures/kendo.culture.kk.min.js  (0ms)  (pid 3242)
Compiled kendo/js/cultures/kendo.culture.kl-GL.min.js  (0ms)  (pid 3242)
Compiled kendo/js/cultures/kendo.culture.kl.min.js  (8ms)  (pid 3242)
Compiled kendo/js/cultures/kendo.culture.km-KH.min.js  (0ms)  (pid 3242)
Compiled kendo/js/cultures/kendo.culture.km.min.js  (6ms)  (pid 3242)
Compiled kendo/js/cultures/kendo.culture.kn-IN.min.js  (0ms)  (pid 3242)
Compiled kendo/js/cultures/kendo.culture.kn.min.js  (6ms)  (pid 3242)
Compiled kendo/js/cultures/kendo.culture.ko-KR.min.js  (0ms)  (pid 3242)
Compiled kendo/js/cultures/kendo.culture.ko.min.js  (0ms)  (pid 3242)
Compiled kendo/js/cultures/kendo.culture.kok-IN.min.js  (0ms)  (pid 3242)
Compiled kendo/js/cultures/kendo.culture.kok.min.js  (0ms)  (pid 3242)
Compiled kendo/js/cultures/kendo.culture.ky-KG.min.js  (0ms)  (pid 3242)
Compiled kendo/js/cultures/kendo.culture.ky.min.js  (0ms)  (pid 3242)
Compiled kendo/js/cultures/kendo.culture.lb-LU.min.js  (0ms)  (pid 3242)
Compiled kendo/js/cultures/kendo.culture.lb.min.js  (0ms)  (pid 3242)
Compiled kendo/js/cultures/kendo.culture.lo-LA.min.js  (0ms)  (pid 3242)
Compiled kendo/js/cultures/kendo.culture.lo.min.js  (0ms)  (pid 3242)
Compiled kendo/js/cultures/kendo.culture.lt-LT.min.js  (0ms)  (pid 3242)
Compiled kendo/js/cultures/kendo.culture.lt.min.js  (0ms)  (pid 3242)
Compiled kendo/js/cultures/kendo.culture.lv-LV.min.js  (0ms)  (pid 3242)
Compiled kendo/js/cultures/kendo.culture.lv.min.js  (0ms)  (pid 3242)
Compiled kendo/js/cultures/kendo.culture.mi-NZ.min.js  (0ms)  (pid 3242)
Compiled kendo/js/cultures/kendo.culture.mi.min.js  (0ms)  (pid 3242)
Compiled kendo/js/cultures/kendo.culture.mk-MK.min.js  (0ms)  (pid 3242)
Compiled kendo/js/cultures/kendo.culture.mk.min.js  (0ms)  (pid 3242)
Compiled kendo/js/cultures/kendo.culture.ml-IN.min.js  (1ms)  (pid 3242)
Compiled kendo/js/cultures/kendo.culture.ml.min.js  (0ms)  (pid 3242)
Compiled kendo/js/cultures/kendo.culture.mn-Cyrl.min.js  (0ms)  (pid 3242)
Compiled kendo/js/cultures/kendo.culture.mn-MN.min.js  (0ms)  (pid 3242)
Compiled kendo/js/cultures/kendo.culture.mn-Mong-CN.min.js  (0ms)  (pid 3242)
Compiled kendo/js/cultures/kendo.culture.mn-Mong.min.js  (2ms)  (pid 3242)
Compiled kendo/js/cultures/kendo.culture.mn.min.js  (0ms)  (pid 3242)
Compiled kendo/js/cultures/kendo.culture.moh-CA.min.js  (1ms)  (pid 3242)
Compiled kendo/js/cultures/kendo.culture.moh.min.js  (0ms)  (pid 3242)
Compiled kendo/js/cultures/kendo.culture.mr-IN.min.js  (0ms)  (pid 3242)
Compiled kendo/js/cultures/kendo.culture.mr.min.js  (2ms)  (pid 3242)
Compiled kendo/js/cultures/kendo.culture.ms-BN.min.js  (0ms)  (pid 3242)
Compiled kendo/js/cultures/kendo.culture.ms-MY.min.js  (0ms)  (pid 3242)
Compiled kendo/js/cultures/kendo.culture.ms.min.js  (69ms)  (pid 3242)
Compiled kendo/js/cultures/kendo.culture.mt-MT.min.js  (0ms)  (pid 3242)
Compiled kendo/js/cultures/kendo.culture.mt.min.js  (0ms)  (pid 3242)
Compiled kendo/js/cultures/kendo.culture.nb-NO.min.js  (0ms)  (pid 3242)
Compiled kendo/js/cultures/kendo.culture.nb.min.js  (0ms)  (pid 3242)
Compiled kendo/js/cultures/kendo.culture.ne-NP.min.js  (0ms)  (pid 3242)
Compiled kendo/js/cultures/kendo.culture.ne.min.js  (0ms)  (pid 3242)
Compiled kendo/js/cultures/kendo.culture.nl-BE.min.js  (0ms)  (pid 3242)
Compiled kendo/js/cultures/kendo.culture.nl-NL.min.js  (0ms)  (pid 3242)
Compiled kendo/js/cultures/kendo.culture.nl.min.js  (0ms)  (pid 3242)
Compiled kendo/js/cultures/kendo.culture.nn-NO.min.js  (0ms)  (pid 3242)
Compiled kendo/js/cultures/kendo.culture.nn.min.js  (0ms)  (pid 3242)
Compiled kendo/js/cultures/kendo.culture.no.min.js  (0ms)  (pid 3242)
Compiled kendo/js/cultures/kendo.culture.nso-ZA.min.js  (0ms)  (pid 3242)
Compiled kendo/js/cultures/kendo.culture.nso.min.js  (3ms)  (pid 3242)
Compiled kendo/js/cultures/kendo.culture.oc-FR.min.js  (0ms)  (pid 3242)
Compiled kendo/js/cultures/kendo.culture.oc.min.js  (5ms)  (pid 3242)
Compiled kendo/js/cultures/kendo.culture.or-IN.min.js  (0ms)  (pid 3242)
Compiled kendo/js/cultures/kendo.culture.or.min.js  (0ms)  (pid 3242)
Compiled kendo/js/cultures/kendo.culture.pa-IN.min.js  (0ms)  (pid 3242)
Compiled kendo/js/cultures/kendo.culture.pa.min.js  (0ms)  (pid 3242)
Compiled kendo/js/cultures/kendo.culture.pl-PL.min.js  (0ms)  (pid 3242)
Compiled kendo/js/cultures/kendo.culture.pl.min.js  (0ms)  (pid 3242)
Compiled kendo/js/cultures/kendo.culture.prs-AF.min.js  (0ms)  (pid 3242)
Compiled kendo/js/cultures/kendo.culture.prs.min.js  (0ms)  (pid 3242)
Compiled kendo/js/cultures/kendo.culture.ps-AF.min.js  (5ms)  (pid 3242)
Compiled kendo/js/cultures/kendo.culture.ps.min.js  (0ms)  (pid 3242)
Compiled kendo/js/cultures/kendo.culture.pt-BR.min.js  (0ms)  (pid 3242)
Compiled kendo/js/cultures/kendo.culture.pt-PT.min.js  (0ms)  (pid 3242)
Compiled kendo/js/cultures/kendo.culture.pt.min.js  (0ms)  (pid 3242)
Compiled kendo/js/cultures/kendo.culture.qut-GT.min.js  (0ms)  (pid 3242)
Compiled kendo/js/cultures/kendo.culture.qut.min.js  (0ms)  (pid 3242)
Compiled kendo/js/cultures/kendo.culture.quz-BO.min.js  (0ms)  (pid 3242)
Compiled kendo/js/cultures/kendo.culture.quz-EC.min.js  (0ms)  (pid 3242)
Compiled kendo/js/cultures/kendo.culture.quz-PE.min.js  (0ms)  (pid 3242)
Compiled kendo/js/cultures/kendo.culture.quz.min.js  (0ms)  (pid 3242)
Compiled kendo/js/cultures/kendo.culture.rm-CH.min.js  (0ms)  (pid 3242)
Compiled kendo/js/cultures/kendo.culture.rm.min.js  (0ms)  (pid 3242)
Compiled kendo/js/cultures/kendo.culture.ro-RO.min.js  (0ms)  (pid 3242)
Compiled kendo/js/cultures/kendo.culture.ro.min.js  (0ms)  (pid 3242)
Compiled kendo/js/cultures/kendo.culture.ru-RU.min.js  (1ms)  (pid 3242)
Compiled kendo/js/cultures/kendo.culture.ru-UA.min.js  (0ms)  (pid 3242)
Compiled kendo/js/cultures/kendo.culture.ru.min.js  (0ms)  (pid 3242)
Compiled kendo/js/cultures/kendo.culture.rw-RW.min.js  (0ms)  (pid 3242)
Compiled kendo/js/cultures/kendo.culture.rw.min.js  (0ms)  (pid 3242)
Compiled kendo/js/cultures/kendo.culture.sa-IN.min.js  (0ms)  (pid 3242)
Compiled kendo/js/cultures/kendo.culture.sa.min.js  (0ms)  (pid 3242)
Compiled kendo/js/cultures/kendo.culture.sah-RU.min.js  (0ms)  (pid 3242)
Compiled kendo/js/cultures/kendo.culture.sah.min.js  (0ms)  (pid 3242)
Compiled kendo/js/cultures/kendo.culture.se-FI.min.js  (0ms)  (pid 3242)
Compiled kendo/js/cultures/kendo.culture.se-NO.min.js  (0ms)  (pid 3242)
Compiled kendo/js/cultures/kendo.culture.se-SE.min.js  (0ms)  (pid 3242)
Compiled kendo/js/cultures/kendo.culture.se.min.js  (0ms)  (pid 3242)
Compiled kendo/js/cultures/kendo.culture.si-LK.min.js  (0ms)  (pid 3242)
Compiled kendo/js/cultures/kendo.culture.si.min.js  (0ms)  (pid 3242)
Compiled kendo/js/cultures/kendo.culture.sk-SK.min.js  (0ms)  (pid 3242)
Compiled kendo/js/cultures/kendo.culture.sk.min.js  (0ms)  (pid 3242)
Compiled kendo/js/cultures/kendo.culture.sl-SI.min.js  (0ms)  (pid 3242)
Compiled kendo/js/cultures/kendo.culture.sl.min.js  (0ms)  (pid 3242)
Compiled kendo/js/cultures/kendo.culture.sma-NO.min.js  (0ms)  (pid 3242)
Compiled kendo/js/cultures/kendo.culture.sma-SE.min.js  (0ms)  (pid 3242)
Compiled kendo/js/cultures/kendo.culture.sma.min.js  (5ms)  (pid 3242)
Compiled kendo/js/cultures/kendo.culture.smj-NO.min.js  (0ms)  (pid 3242)
Compiled kendo/js/cultures/kendo.culture.smj-SE.min.js  (0ms)  (pid 3242)
Compiled kendo/js/cultures/kendo.culture.smj.min.js  (0ms)  (pid 3242)
Compiled kendo/js/cultures/kendo.culture.smn-FI.min.js  (7ms)  (pid 3242)
Compiled kendo/js/cultures/kendo.culture.smn.min.js  (0ms)  (pid 3242)
Compiled kendo/js/cultures/kendo.culture.sms-FI.min.js  (3ms)  (pid 3242)
Compiled kendo/js/cultures/kendo.culture.sms.min.js  (2ms)  (pid 3242)
Compiled kendo/js/cultures/kendo.culture.sq-AL.min.js  (0ms)  (pid 3242)
Compiled kendo/js/cultures/kendo.culture.sq.min.js  (0ms)  (pid 3242)
Compiled kendo/js/cultures/kendo.culture.sr-Cyrl-BA.min.js  (0ms)  (pid 3242)
Compiled kendo/js/cultures/kendo.culture.sr-Cyrl-CS.min.js  (0ms)  (pid 3242)
Compiled kendo/js/cultures/kendo.culture.sr-Cyrl-ME.min.js  (0ms)  (pid 3242)
Compiled kendo/js/cultures/kendo.culture.sr-Cyrl-RS.min.js  (0ms)  (pid 3242)
Compiled kendo/js/cultures/kendo.culture.sr-Cyrl.min.js  (0ms)  (pid 3242)
Compiled kendo/js/cultures/kendo.culture.sr-Latn-BA.min.js  (0ms)  (pid 3242)
Compiled kendo/js/cultures/kendo.culture.sr-Latn-CS.min.js  (0ms)  (pid 3242)
Compiled kendo/js/cultures/kendo.culture.sr-Latn-ME.min.js  (0ms)  (pid 3242)
Compiled kendo/js/cultures/kendo.culture.sr-Latn-RS.min.js  (0ms)  (pid 3242)
Compiled kendo/js/cultures/kendo.culture.sr-Latn.min.js  (0ms)  (pid 3242)
Compiled kendo/js/cultures/kendo.culture.sr.min.js  (3ms)  (pid 3242)
Compiled kendo/js/cultures/kendo.culture.sv-FI.min.js  (6ms)  (pid 3242)
Compiled kendo/js/cultures/kendo.culture.sv-SE.min.js  (0ms)  (pid 3242)
Compiled kendo/js/cultures/kendo.culture.sv.min.js  (0ms)  (pid 3242)
Compiled kendo/js/cultures/kendo.culture.sw-KE.min.js  (0ms)  (pid 3242)
Compiled kendo/js/cultures/kendo.culture.sw.min.js  (0ms)  (pid 3242)
Compiled kendo/js/cultures/kendo.culture.syr-SY.min.js  (4ms)  (pid 3242)
Compiled kendo/js/cultures/kendo.culture.syr.min.js  (1ms)  (pid 3242)
Compiled kendo/js/cultures/kendo.culture.ta-IN.min.js  (1ms)  (pid 3242)
Compiled kendo/js/cultures/kendo.culture.ta.min.js  (0ms)  (pid 3242)
Compiled kendo/js/cultures/kendo.culture.te-IN.min.js  (0ms)  (pid 3242)
Compiled kendo/js/cultures/kendo.culture.te.min.js  (0ms)  (pid 3242)
Compiled kendo/js/cultures/kendo.culture.tg-Cyrl-TJ.min.js  (0ms)  (pid 3242)
Compiled kendo/js/cultures/kendo.culture.tg-Cyrl.min.js  (6ms)  (pid 3242)
Compiled kendo/js/cultures/kendo.culture.tg.min.js  (0ms)  (pid 3242)
Compiled kendo/js/cultures/kendo.culture.th-TH.min.js  (1ms)  (pid 3242)
Compiled kendo/js/cultures/kendo.culture.th.min.js  (0ms)  (pid 3242)
Compiled kendo/js/cultures/kendo.culture.tk-TM.min.js  (0ms)  (pid 3242)
Compiled kendo/js/cultures/kendo.culture.tk.min.js  (0ms)  (pid 3242)
Compiled kendo/js/cultures/kendo.culture.tn-ZA.min.js  (0ms)  (pid 3242)
Compiled kendo/js/cultures/kendo.culture.tn.min.js  (0ms)  (pid 3242)
Compiled kendo/js/cultures/kendo.culture.tr-TR.min.js  (0ms)  (pid 3242)
Compiled kendo/js/cultures/kendo.culture.tr.min.js  (0ms)  (pid 3242)
Compiled kendo/js/cultures/kendo.culture.tt-RU.min.js  (0ms)  (pid 3242)
Compiled kendo/js/cultures/kendo.culture.tt.min.js  (0ms)  (pid 3242)
Compiled kendo/js/cultures/kendo.culture.tzm-Latn-DZ.min.js  (0ms)  (pid 3242)
Compiled kendo/js/cultures/kendo.culture.tzm-Latn.min.js  (2ms)  (pid 3242)
Compiled kendo/js/cultures/kendo.culture.tzm.min.js  (8ms)  (pid 3242)
Compiled kendo/js/cultures/kendo.culture.ug-CN.min.js  (6ms)  (pid 3242)
Compiled kendo/js/cultures/kendo.culture.ug.min.js  (1ms)  (pid 3242)
Compiled kendo/js/cultures/kendo.culture.uk-UA.min.js  (0ms)  (pid 3242)
Compiled kendo/js/cultures/kendo.culture.uk.min.js  (0ms)  (pid 3242)
Compiled kendo/js/cultures/kendo.culture.ur-PK.min.js  (2ms)  (pid 3242)
Compiled kendo/js/cultures/kendo.culture.ur.min.js  (1ms)  (pid 3242)
Compiled kendo/js/cultures/kendo.culture.uz-Cyrl-UZ.min.js  (0ms)  (pid 3242)
Compiled kendo/js/cultures/kendo.culture.uz-Cyrl.min.js  (4ms)  (pid 3242)
Compiled kendo/js/cultures/kendo.culture.uz-Latn-UZ.min.js  (0ms)  (pid 3242)
Compiled kendo/js/cultures/kendo.culture.uz-Latn.min.js  (0ms)  (pid 3242)
Compiled kendo/js/cultures/kendo.culture.uz.min.js  (0ms)  (pid 3242)
Compiled kendo/js/cultures/kendo.culture.vi-VN.min.js  (0ms)  (pid 3242)
Compiled kendo/js/cultures/kendo.culture.vi.min.js  (0ms)  (pid 3242)
Compiled kendo/js/cultures/kendo.culture.wo-SN.min.js  (7ms)  (pid 3242)
Compiled kendo/js/cultures/kendo.culture.wo.min.js  (0ms)  (pid 3242)
Compiled kendo/js/cultures/kendo.culture.xh-ZA.min.js  (0ms)  (pid 3242)
Compiled kendo/js/cultures/kendo.culture.xh.min.js  (0ms)  (pid 3242)
Compiled kendo/js/cultures/kendo.culture.yo-NG.min.js  (0ms)  (pid 3242)
Compiled kendo/js/cultures/kendo.culture.yo.min.js  (0ms)  (pid 3242)
Compiled kendo/js/cultures/kendo.culture.zh-CHS.min.js  (0ms)  (pid 3242)
Compiled kendo/js/cultures/kendo.culture.zh-CHT.min.js  (0ms)  (pid 3242)
Compiled kendo/js/cultures/kendo.culture.zh-CN.min.js  (0ms)  (pid 3242)
Compiled kendo/js/cultures/kendo.culture.zh-HK.min.js  (0ms)  (pid 3242)
Compiled kendo/js/cultures/kendo.culture.zh-Hans.min.js  (0ms)  (pid 3242)
Compiled kendo/js/cultures/kendo.culture.zh-Hant.min.js  (0ms)  (pid 3242)
Compiled kendo/js/cultures/kendo.culture.zh-MO.min.js  (0ms)  (pid 3242)
Compiled kendo/js/cultures/kendo.culture.zh-SG.min.js  (0ms)  (pid 3242)
Compiled kendo/js/cultures/kendo.culture.zh-TW.min.js  (0ms)  (pid 3242)
Compiled kendo/js/cultures/kendo.culture.zh.min.js  (1ms)  (pid 3242)
Compiled kendo/js/cultures/kendo.culture.zu-ZA.min.js  (0ms)  (pid 3242)
Compiled kendo/js/cultures/kendo.culture.zu.min.js  (0ms)  (pid 3242)
Compiled kendo/js/jquery.min.js  (0ms)  (pid 3242)
Compiled kendo/js/kendo.autocomplete.min.js  (0ms)  (pid 3242)
Compiled kendo/js/kendo.binder.min.js  (0ms)  (pid 3242)
Compiled kendo/js/kendo.calendar.min.js  (0ms)  (pid 3242)
Compiled kendo/js/kendo.colorpicker.min.js  (0ms)  (pid 3242)
Compiled kendo/js/kendo.columnmenu.min.js  (0ms)  (pid 3242)
Compiled kendo/js/kendo.combobox.min.js  (0ms)  (pid 3242)
Compiled kendo/js/kendo.core.min.js  (0ms)  (pid 3242)
Compiled kendo/js/kendo.data.min.js  (0ms)  (pid 3242)
Compiled kendo/js/kendo.data.odata.min.js  (0ms)  (pid 3242)
Compiled kendo/js/kendo.data.xml.min.js  (0ms)  (pid 3242)
Compiled kendo/js/kendo.datepicker.min.js  (0ms)  (pid 3242)
Compiled kendo/js/kendo.datetimepicker.min.js  (0ms)  (pid 3242)
Compiled kendo/js/kendo.draganddrop.min.js  (0ms)  (pid 3242)
Compiled kendo/js/kendo.dropdownlist.min.js  (0ms)  (pid 3242)
Compiled kendo/js/kendo.editable.min.js  (0ms)  (pid 3242)
Compiled kendo/js/kendo.editor.min.js  (1ms)  (pid 3242)
Compiled kendo/js/kendo.filtermenu.min.js  (0ms)  (pid 3242)
Compiled kendo/js/kendo.fx.min.js  (0ms)  (pid 3242)
Compiled kendo/js/kendo.grid.min.js  (0ms)  (pid 3242)
Compiled kendo/js/kendo.groupable.min.js  (0ms)  (pid 3242)
Compiled kendo/js/kendo.imagebrowser.min.js  (0ms)  (pid 3242)
Compiled kendo/js/kendo.list.min.js  (0ms)  (pid 3242)
Compiled kendo/js/kendo.listview.min.js  (0ms)  (pid 3242)
Compiled kendo/js/kendo.menu.min.js  (0ms)  (pid 3242)
Compiled kendo/js/kendo.mobile.scroller.min.js  (0ms)  (pid 3242)
Compiled kendo/js/kendo.multiselect.min.js  (0ms)  (pid 3242)
Compiled kendo/js/kendo.numerictextbox.min.js  (0ms)  (pid 3242)
Compiled kendo/js/kendo.pager.min.js  (0ms)  (pid 3242)
Compiled kendo/js/kendo.panelbar.min.js  (0ms)  (pid 3242)
Compiled kendo/js/kendo.popup.min.js  (0ms)  (pid 3242)
Compiled kendo/js/kendo.reorderable.min.js  (0ms)  (pid 3242)
Compiled kendo/js/kendo.resizable.min.js  (0ms)  (pid 3242)
Compiled kendo/js/kendo.router.min.js  (0ms)  (pid 3242)
Compiled kendo/js/kendo.selectable.min.js  (0ms)  (pid 3242)
Compiled kendo/js/kendo.slider.min.js  (0ms)  (pid 3242)
Compiled kendo/js/kendo.sortable.min.js  (0ms)  (pid 3242)
Compiled kendo/js/kendo.splitter.min.js  (0ms)  (pid 3242)
Compiled kendo/js/kendo.tabstrip.min.js  (0ms)  (pid 3242)
Compiled kendo/js/kendo.timepicker.min.js  (0ms)  (pid 3242)
Compiled kendo/js/kendo.tooltip.min.js  (0ms)  (pid 3242)
Compiled kendo/js/kendo.treeview.min.js  (0ms)  (pid 3242)
Compiled kendo/js/kendo.upload.min.js  (0ms)  (pid 3242)
Compiled kendo/js/kendo.userevents.min.js  (0ms)  (pid 3242)
Compiled kendo/js/kendo.validator.min.js  (0ms)  (pid 3242)
Compiled kendo/js/kendo.view.min.js  (0ms)  (pid 3242)
Compiled kendo/js/kendo.web.min.js  (14ms)  (pid 3242)
Compiled kendo/js/kendo.window.min.js  (0ms)  (pid 3242)
Compiled kendo/styles/kendo.black.min.css  (0ms)  (pid 3242)
Compiled kendo/styles/kendo.blueopal.min.css  (0ms)  (pid 3242)
Compiled kendo/styles/kendo.bootstrap.min.css  (0ms)  (pid 3242)
Compiled kendo/styles/kendo.common.min.css  (0ms)  (pid 3242)
Compiled kendo/styles/kendo.default.min.css  (0ms)  (pid 3242)
Compiled kendo/styles/kendo.highcontrast.min.css  (0ms)  (pid 3242)
Compiled kendo/styles/kendo.metro.min.css  (0ms)  (pid 3242)
Compiled kendo/styles/kendo.metroblack.min.css  (0ms)  (pid 3242)
Compiled kendo/styles/kendo.moonlight.min.css  (0ms)  (pid 3242)
Compiled kendo/styles/kendo.rtl.min.css  (0ms)  (pid 3242)
Compiled kendo/styles/kendo.silver.min.css  (0ms)  (pid 3242)
Compiled kendo/styles/kendo.uniform.min.css  (0ms)  (pid 3242)
Compiled jquery-ui.min.js  (10ms)  (pid 3242)
Compiled jquery.min.js  (0ms)  (pid 3242)
Compiled application.js  (8ms)  (pid 3242)
Compiled jquery_ujs.js  (0ms)  (pid 3242)
Compiled movie.js  (0ms)  (pid 3242)
Compiled application.css  (1ms)  (pid 3242)
